<?xml version="1.0" encoding="UTF-8"?>
<!-- Generated by org.testng.reporters.JUnitReportReporter -->
<testsuite hostname="DESKTOP-33TILLP" failures="0" tests="4" name="com.reqrestusers.testcases.TC01_GetAllUsers" time="0.056" errors="0" timestamp="03 Dec 2023 10:16:18 GMT" skipped="0">
  <testcase classname="com.reqrestusers.testcases.TC01_GetAllUsers" name="responsebodycheck" time="0.056"/>
  <testcase classname="com.reqrestusers.testcases.TC01_GetAllUsers" name="statuscodecheck" time="0.000"/>
  <testcase classname="com.reqrestusers.testcases.TC01_GetAllUsers" name="statuslinecheck" time="0.000"/>
  <testcase classname="com.reqrestusers.testcases.TC01_GetAllUsers" name="contenttypecheck" time="0.000"/>
</testsuite> <!-- com.reqrestusers.testcases.TC01_GetAllUsers -->
