<?xml version="1.0" encoding="UTF-8"?>
<!-- Generated by org.testng.reporters.JUnitReportReporter -->
<testsuite hostname="DESKTOP-33TILLP" failures="0" tests="1" name="com.employeeapi.testcases.TC01_GetAllEmployees2" time="0.040" errors="0" timestamp="22 Oct 2023 12:08:18 GMT" skipped="0">
  <testcase classname="com.employeeapi.testcases.TC01_GetAllEmployees2" name="validation" time="0.040"/>
</testsuite> <!-- com.employeeapi.testcases.TC01_GetAllEmployees2 -->
