<?xml version="1.0" encoding="UTF-8"?>
<!-- Generated by org.testng.reporters.JUnitReportReporter -->
<testsuite hostname="DESKTOP-33TILLP" failures="0" tests="2" name="com.reqrestusers.testcases.TC03_PostNewUser" time="0.057" errors="0" timestamp="03 Dec 2023 09:22:47 GMT" skipped="0">
  <testcase classname="com.reqrestusers.testcases.TC03_PostNewUser" name="responsebodycheck" time="0.041"/>
  <testcase classname="com.reqrestusers.testcases.TC03_PostNewUser" name="statuscodecheck" time="0.016"/>
</testsuite> <!-- com.reqrestusers.testcases.TC03_PostNewUser -->
