<?xml version="1.0" encoding="UTF-8"?>
<!-- Generated by org.testng.reporters.JUnitReportReporter -->
<testsuite hostname="DESKTOP-33TILLP" failures="0" tests="4" name="com.employeeapi.testcases.TC02_Get_Single_Employees_Record" time="0.024" errors="0" timestamp="26 Jan 2024 14:09:49 GMT" skipped="0">
  <testcase classname="com.employeeapi.testcases.TC02_Get_Single_Employees_Record" name="responsebodycheck" time="0.016"/>
  <testcase classname="com.employeeapi.testcases.TC02_Get_Single_Employees_Record" name="contenttypecheck" time="0.008"/>
  <testcase classname="com.employeeapi.testcases.TC02_Get_Single_Employees_Record" name="statuslinecheck" time="0.000"/>
  <testcase classname="com.employeeapi.testcases.TC02_Get_Single_Employees_Record" name="statuscodecheck" time="0.000"/>
</testsuite> <!-- com.employeeapi.testcases.TC02_Get_Single_Employees_Record -->
