<?xml version="1.0" encoding="UTF-8"?>
<!-- Generated by org.testng.reporters.JUnitReportReporter -->
<testsuite hostname="DESKTOP-33TILLP" failures="0" tests="4" name="com.employeeapi.testcases.TC03_Get_Single_Employees_Record" time="0.050" errors="0" timestamp="19 Nov 2023 11:49:09 GMT" skipped="0">
  <testcase classname="com.employeeapi.testcases.TC03_Get_Single_Employees_Record" name="responsebodycheck" time="0.045"/>
  <testcase classname="com.employeeapi.testcases.TC03_Get_Single_Employees_Record" name="statuscodecheck" time="0.000"/>
  <testcase classname="com.employeeapi.testcases.TC03_Get_Single_Employees_Record" name="statuslinecheck" time="0.005"/>
  <testcase classname="com.employeeapi.testcases.TC03_Get_Single_Employees_Record" name="contenttypecheck" time="0.000"/>
</testsuite> <!-- com.employeeapi.testcases.TC03_Get_Single_Employees_Record -->
