<?xml version="1.0" encoding="UTF-8"?>
<!-- Generated by org.testng.reporters.JUnitReportReporter -->
<testsuite hostname="DESKTOP-33TILLP" failures="0" tests="4" name="com.employeeapi.testcases.TC01_GetAllEmployees" time="0.067" errors="0" timestamp="26 Jan 2024 14:09:49 GMT" skipped="0">
  <testcase classname="com.employeeapi.testcases.TC01_GetAllEmployees" name="responsebodycheck" time="0.031"/>
  <testcase classname="com.employeeapi.testcases.TC01_GetAllEmployees" name="statuscodecheck" time="0.000"/>
  <testcase classname="com.employeeapi.testcases.TC01_GetAllEmployees" name="contenttypecheck" time="0.021"/>
  <testcase classname="com.employeeapi.testcases.TC01_GetAllEmployees" name="statuslinecheck" time="0.015"/>
</testsuite> <!-- com.employeeapi.testcases.TC01_GetAllEmployees -->
