<?xml version="1.0" encoding="UTF-8"?>
<!-- Generated by org.testng.reporters.JUnitReportReporter -->
<testsuite hostname="DESKTOP-33TILLP" failures="0" tests="2" name="com.employeeapi.testcases.TC01_GetAllEmployeesOriginal" time="0.032" errors="0" timestamp="14 Jan 2024 11:45:52 GMT" skipped="0">
  <testcase classname="com.employeeapi.testcases.TC01_GetAllEmployeesOriginal" name="checkresponsebody" time="0.032"/>
  <testcase classname="com.employeeapi.testcases.TC01_GetAllEmployeesOriginal" name="checkstatuscode" time="0.000"/>
</testsuite> <!-- com.employeeapi.testcases.TC01_GetAllEmployeesOriginal -->
