<?xml version="1.0" encoding="UTF-8"?>
<!-- Generated by org.testng.reporters.JUnitReportReporter -->
<testsuite hostname="DESKTOP-33TILLP" failures="0" tests="2" name="com.employeeapi.testcases.TC05_Delete_Employee_Record" time="0.010" errors="0" timestamp="28 Jan 2024 09:24:17 GMT" skipped="0">
  <testcase classname="com.employeeapi.testcases.TC05_Delete_Employee_Record" name="statuscodecheck" time="0.005"/>
  <testcase classname="com.employeeapi.testcases.TC05_Delete_Employee_Record" name="responsebodycheck" time="0.005"/>
</testsuite> <!-- com.employeeapi.testcases.TC05_Delete_Employee_Record -->
