<?xml version="1.0" encoding="UTF-8"?>
<!-- Generated by org.testng.reporters.JUnitReportReporter -->
<testsuite hostname="DESKTOP-33TILLP" failures="0" tests="5" name="com.employeeapi.testcases.TC02_PostNewEmployee" time="0.067" errors="0" timestamp="19 Nov 2023 10:30:20 GMT" skipped="0">
  <testcase classname="com.employeeapi.testcases.TC02_PostNewEmployee" name="responsebodycheck" time="0.045"/>
  <testcase classname="com.employeeapi.testcases.TC02_PostNewEmployee" name="statuscodecheck" time="0.004"/>
  <testcase classname="com.employeeapi.testcases.TC02_PostNewEmployee" name="statuslinecheck" time="0.010"/>
  <testcase classname="com.employeeapi.testcases.TC02_PostNewEmployee" name="contenttypecheck" time="0.004"/>
  <testcase classname="com.employeeapi.testcases.TC02_PostNewEmployee" name="checkresponsebodypost" time="0.004"/>
</testsuite> <!-- com.employeeapi.testcases.TC02_PostNewEmployee -->
