<?xml version="1.0" encoding="UTF-8"?>
<!-- Generated by org.testng.reporters.JUnitReportReporter -->
<testsuite hostname="DESKTOP-33TILLP" failures="0" tests="2" name="com.reqrestusers.testcases.TC02_Get_Single_User" time="0.067" errors="0" timestamp="03 Dec 2023 09:22:12 GMT" skipped="0">
  <testcase classname="com.reqrestusers.testcases.TC02_Get_Single_User" name="responsebodycheck" time="0.051"/>
  <testcase classname="com.reqrestusers.testcases.TC02_Get_Single_User" name="statuscodecheck" time="0.016"/>
</testsuite> <!-- com.reqrestusers.testcases.TC02_Get_Single_User -->
