<?xml version="1.0" encoding="UTF-8"?>
<!-- Generated by org.testng.reporters.JUnitReportReporter -->
<testsuite hostname="DESKTOP-33TILLP" failures="0" tests="4" name="com.employeeapi.testcases.TC03_PostNewEmployee" time="0.032" errors="0" timestamp="28 Jan 2024 09:24:17 GMT" skipped="0">
  <testcase classname="com.employeeapi.testcases.TC03_PostNewEmployee" name="responsebodycheck" time="0.008"/>
  <testcase classname="com.employeeapi.testcases.TC03_PostNewEmployee" name="statuslinecheck" time="0.009"/>
  <testcase classname="com.employeeapi.testcases.TC03_PostNewEmployee" name="contenttypecheck" time="0.006"/>
  <testcase classname="com.employeeapi.testcases.TC03_PostNewEmployee" name="statuscodecheck" time="0.009"/>
</testsuite> <!-- com.employeeapi.testcases.TC03_PostNewEmployee -->
