<?xml version="1.0" encoding="UTF-8"?>
<!-- Generated by org.testng.reporters.JUnitReportReporter -->
<testsuite hostname="DESKTOP-33TILLP" failures="0" tests="2" name="com.reqrestusers.testcases.TC05_Delete_User" time="0.035" errors="0" timestamp="03 Dec 2023 09:26:57 GMT" skipped="0">
  <testcase classname="com.reqrestusers.testcases.TC05_Delete_User" name="responsebodycheck" time="0.035"/>
  <testcase classname="com.reqrestusers.testcases.TC05_Delete_User" name="statuscodecheck" time="0.000"/>
</testsuite> <!-- com.reqrestusers.testcases.TC05_Delete_User -->
