<?xml version="1.0" encoding="UTF-8"?>
<!-- Generated by org.testng.reporters.JUnitReportReporter -->
<testsuite hostname="DESKTOP-33TILLP" failures="0" tests="4" name="com.employeeapi.testcases.TC04_Put_Employee" time="0.027" errors="0" timestamp="28 Jan 2024 09:24:17 GMT" skipped="0">
  <testcase classname="com.employeeapi.testcases.TC04_Put_Employee" name="contenttypecheck" time="0.005"/>
  <testcase classname="com.employeeapi.testcases.TC04_Put_Employee" name="statuscodecheck" time="0.010"/>
  <testcase classname="com.employeeapi.testcases.TC04_Put_Employee" name="responsebodycheck" time="0.006"/>
  <testcase classname="com.employeeapi.testcases.TC04_Put_Employee" name="statuslinecheck" time="0.006"/>
</testsuite> <!-- com.employeeapi.testcases.TC04_Put_Employee -->
