<?xml version="1.0" encoding="UTF-8"?>
<!-- Generated by org.testng.reporters.JUnitReportReporter -->
<testsuite hostname="DESKTOP-33TILLP" failures="0" tests="4" name="com.employeeapi.testcases.TC02_Get_Single_Employees_Record" time="0.026" errors="0" timestamp="28 Jan 2024 09:24:17 GMT" skipped="0">
  <testcase classname="com.employeeapi.testcases.TC02_Get_Single_Employees_Record" name="responsebodycheck" time="0.009"/>
  <testcase classname="com.employeeapi.testcases.TC02_Get_Single_Employees_Record" name="contenttypecheck" time="0.008"/>
  <testcase classname="com.employeeapi.testcases.TC02_Get_Single_Employees_Record" name="statuslinecheck" time="0.004"/>
  <testcase classname="com.employeeapi.testcases.TC02_Get_Single_Employees_Record" name="statuscodecheck" time="0.005"/>
</testsuite> <!-- com.employeeapi.testcases.TC02_Get_Single_Employees_Record -->
